<protocol name="test-protocol">
</protocol>